<?xml version="1.0" encoding="UTF-8"?>
<!-- Generated by org.testng.reporters.JUnitReportReporter -->
<testsuite hostname="DESKTOP-4C2FEB9" failures="0" tests="1" name="com.pruebasendtoend.iframesyesperas.Iframes" time="11.508" errors="0" timestamp="2023-03-20T23:06:03 MST" skipped="0">
  <testcase classname="com.pruebasendtoend.iframesyesperas.Iframes" name="Iframes" time="11.508"/>
  <system-out/>
</testsuite> <!-- com.pruebasendtoend.iframesyesperas.Iframes -->
