<?xml version="1.0" encoding="UTF-8"?>
<!-- Generated by org.testng.reporters.JUnitReportReporter -->
<testsuite hostname="DESKTOP-4C2FEB9" failures="0" tests="2" name="com.pruebasendtoend.iframesyesperas.ClaseEsperas" time="20.840" errors="0" timestamp="2023-03-22T00:42:57 MST" skipped="1">
  <testcase classname="com.pruebasendtoend.iframesyesperas.ClaseEsperas" name="EsperaExplicita" time="20.840"/>
  <system-out/>
  <testcase classname="com.pruebasendtoend.iframesyesperas.ClaseEsperas" name="EsperaImplicita">
    <skipped/>
  </testcase> <!-- EsperaImplicita -->
  <system-out/>
</testsuite> <!-- com.pruebasendtoend.iframesyesperas.ClaseEsperas -->
