<?xml version="1.0" encoding="UTF-8"?>
<!-- Generated by org.testng.reporters.JUnitReportReporter -->
<testsuite hostname="DESKTOP-4C2FEB9" failures="0" tests="2" name="com.anotaciones.testNG.SegundoSet" time="0.039" errors="0" timestamp="2023-03-20T22:48:55 MST" skipped="0">
  <testcase classname="com.anotaciones.testNG.SegundoSet" name="prueba4" time="0.035"/>
  <system-out/>
  <testcase classname="com.anotaciones.testNG.SegundoSet" name="prueba3" time="0.004"/>
  <system-out/>
</testsuite> <!-- com.anotaciones.testNG.SegundoSet -->
