<?xml version="1.0" encoding="UTF-8"?>
<!-- Generated by org.testng.reporters.JUnitReportReporter -->
<testsuite hostname="DESKTOP-4C2FEB9" failures="0" tests="5" name="com.anotaciones.testNG.Anotaciones" time="0.091" errors="0" timestamp="2023-03-16T22:52:17 MST" skipped="1">
  <testcase classname="com.anotaciones.testNG.Anotaciones" name="test2ymedio" time="0.017"/>
  <system-out/>
  <testcase classname="com.anotaciones.testNG.Anotaciones" name="test2" time="0.033"/>
  <system-out/>
  <testcase classname="com.anotaciones.testNG.Anotaciones" name="test2ymedio" time="0.015"/>
  <system-out/>
  <testcase classname="com.anotaciones.testNG.Anotaciones" name="test2ymedio" time="0.026"/>
  <system-out/>
  <testcase classname="com.anotaciones.testNG.Anotaciones" name="test1">
    <skipped/>
  </testcase> <!-- test1 -->
  <system-out/>
</testsuite> <!-- com.anotaciones.testNG.Anotaciones -->
